2020-09-29 14:56:56,620 INFO o.h.v.i.u.Version [background-preinit] HV000001: Hibernate Validator 6.0.2.Final
2020-09-29 14:56:56,682 INFO o.s.b.StartupInfoLogger [restartedMain] Starting EasyFoodApplication on DESKTOP-Q6EL2OO with PID 10464 (D:\Easy Food\target\classes started by Alin in D:\Easy Food)
2020-09-29 14:56:56,682 DEBUG o.s.b.StartupInfoLogger [restartedMain] Running with Spring Boot v2.3.3.RELEASE, Spring v5.2.8.RELEASE
2020-09-29 14:56:56,698 INFO o.s.b.SpringApplication [restartedMain] No active profile set, falling back to default profiles: default
2020-09-29 14:56:58,153 INFO o.a.j.l.DirectJDKLog [restartedMain] Initializing ProtocolHandler ["http-nio-8080"]
2020-09-29 14:56:58,154 INFO o.a.j.l.DirectJDKLog [restartedMain] Starting service [Tomcat]
2020-09-29 14:56:58,154 INFO o.a.j.l.DirectJDKLog [restartedMain] Starting Servlet engine: [Apache Tomcat/9.0.37]
2020-09-29 14:56:58,269 INFO o.a.j.l.DirectJDKLog [restartedMain] Initializing Spring embedded WebApplicationContext
2020-09-29 14:56:58,455 INFO o.h.j.i.u.LogHelper [task-1] HHH000204: Processing PersistenceUnitInfo [name: default]
2020-09-29 14:56:58,499 INFO o.h.Version [task-1] HHH000412: Hibernate ORM core version 5.4.20.Final
2020-09-29 14:56:58,563 DEBUG o.s.w.f.GenericFilterBean [restartedMain] Filter 'authenticationJwtTokenFilter' configured for use
2020-09-29 14:56:58,621 INFO o.h.a.c.r.j.JavaReflectionManager [task-1] HCANN000001: Hibernate Commons Annotations {5.1.0.Final}
2020-09-29 14:56:58,637 INFO c.e.s.WebSecurityConfig [restartedMain] The password has been encoded.
2020-09-29 14:56:58,715 INFO c.z.h.HikariDataSource [task-1] HikariPool-1 - Starting...
2020-09-29 14:56:59,180 INFO o.a.j.l.DirectJDKLog [restartedMain] Starting ProtocolHandler ["http-nio-8080"]
2020-09-29 14:56:59,720 INFO c.z.h.HikariDataSource [task-1] HikariPool-1 - Start completed.
2020-09-29 14:56:59,731 INFO o.h.d.Dialect [task-1] HHH000400: Using dialect: org.hibernate.dialect.MySQL5InnoDBDialect
2020-09-29 14:57:00,398 INFO o.h.e.t.j.p.i.JtaPlatformInitiator [task-1] HHH000490: Using JtaPlatform implementation: [org.hibernate.engine.transaction.jta.platform.internal.NoJtaPlatform]
2020-09-29 14:57:00,896 INFO o.s.b.StartupInfoLogger [restartedMain] Started EasyFoodApplication in 4.616 seconds (JVM running for 6.673)
2020-09-29 14:57:00,912 INFO c.e.EasyFoodApplication [restartedMain] The application has started.
